<?xml version="1.0" encoding="UTF-8"?>
<testsuite xmlns:xsi="http://www.w3.org/2001/XMLSchema-instance" xsi:noNamespaceSchemaLocation="https://maven.apache.org/surefire/maven-surefire-plugin/xsd/surefire-test-report-3.0.xsd" version="3.0" name="tp6103022330089.tubesdpbo.LowonganTest" time="0.039" tests="18" errors="0" skipped="0" failures="0">
  <properties>
[...]
</properties>
  <testcase name="testConstructor3Arg" classname="tp6103022330089.tubesdpbo.LowonganTest" time="0.004"/>
  <testcase name="testConstructor4Arg" classname="tp6103022330089.tubesdpbo.LowonganTest" time="0.002"/>
  <testcase name="testTambahLowonganBerhasil" classname="tp6103022330089.tubesdpbo.LowonganTest" time="0.0"/>
  <testcase name="testHapusPelamarByEmail" classname="tp6103022330089.tubesdpbo.LowonganTest" time="0.001"/>
  <testcase name="testCariByIdTidakDitemukan" classname="tp6103022330089.tubesdpbo.LowonganTest" time="0.002"/>
  <testcase name="testHapusPelamarByNama" classname="tp6103022330089.tubesdpbo.LowonganTest" time="0.001"/>
  <testcase name="testGetDaftarLowongan" classname="tp6103022330089.tubesdpbo.LowonganTest" time="0.0"/>
  <testcase name="testMelamarNull" classname="tp6103022330089.tubesdpbo.LowonganTest" time="0.001"/>
  <testcase name="testHapusPelamarTidakAda" classname="tp6103022330089.tubesdpbo.LowonganTest" time="0.003"/>
  <testcase name="testCariByIdCaseInsensitive" classname="tp6103022330089.tubesdpbo.LowonganTest" time="0.002"/>
  <testcase name="testTambahLowonganDuplicateId" classname="tp6103022330089.tubesdpbo.LowonganTest" time="0.001"/>
  <testcase name="testHashCode" classname="tp6103022330089.tubesdpbo.LowonganTest" time="0.0"/>
  <testcase name="testMelamarBerhasil" classname="tp6103022330089.tubesdpbo.LowonganTest" time="0.0"/>
  <testcase name="testEquals" classname="tp6103022330089.tubesdpbo.LowonganTest" time="0.001"/>
  <testcase name="testNotEquals" classname="tp6103022330089.tubesdpbo.LowonganTest" time="0.001"/>
  <testcase name="testMelamarDuplikat" classname="tp6103022330089.tubesdpbo.LowonganTest" time="0.001"/>
  <testcase name="testTambahLowonganNull" classname="tp6103022330089.tubesdpbo.LowonganTest" time="0.001"/>
  <testcase name="testCariByIdDitemukan" classname="tp6103022330089.tubesdpbo.LowonganTest" time="0.001"/>
</testsuite>